<?xml version="1.0" encoding="UTF-8"?><testsuite errors="1" failures="0" name="com.bancolombia.ensayo.myextra.features.search.SearchByKeywordStory" skipped="0" tests="1" time="1.11" timestamp="2018-04-25T11:07:49.348-05:00[America/Bogota]"><testcase classname="com.bancolombia.ensayo.myextra.features.search.SearchByKeywordStory" name="Search results should show the search term in the title"><error message="Could not instantiate class org.openqa.selenium.firefox.FirefoxDriver" type="net.thucydides.core.webdriver.UnsupportedDriverException">Could not instantiate class org.openqa.selenium.firefox.FirefoxDriver</error><system-err>Could not instantiate class org.openqa.selenium.firefox.FirefoxDriver&#13;
com.bancolombia.ensayo.myextra.tasks.OpenTheApplication.performAs(OpenTheApplication.java:15)&#13;
com.bancolombia.ensayo.myextra.features.search.SearchByKeywordStory.search_results_should_show_the_search_term_in_the_title(SearchByKeywordStory.java:41)&#13;
org.eclipse.jdt.internal.junit4.runner.JUnit4TestReference.run(JUnit4TestReference.java:86)&#13;
org.eclipse.jdt.internal.junit.runner.TestExecution.run(TestExecution.java:38)&#13;
org.eclipse.jdt.internal.junit.runner.RemoteTestRunner.runTests(RemoteTestRunner.java:459)&#13;
org.eclipse.jdt.internal.junit.runner.RemoteTestRunner.runTests(RemoteTestRunner.java:678)&#13;
org.eclipse.jdt.internal.junit.runner.RemoteTestRunner.run(RemoteTestRunner.java:382)&#13;
org.eclipse.jdt.internal.junit.runner.RemoteTestRunner.main(RemoteTestRunner.java:192)&#13;
</system-err></testcase></testsuite>